<?xml version="1.0" encoding="utf-8"?><testsuites name="pytest tests"><testsuite name="pytest" errors="0" failures="0" skipped="0" tests="19" time="92.801" timestamp="2026-05-10T11:51:20.366025+00:00" hostname="agent-env-7f3b3b78-c9e9-422f-9e65-3062fcc5f5b4"><testcase classname="tests.test_communitymed_backend.TestHealth" name="test_health" time="0.004" /><testcase classname="tests.test_communitymed_backend.TestAuth" name="test_register_returns_token_and_user" time="5.229" /><testcase classname="tests.test_communitymed_backend.TestAuth" name="test_register_duplicate_returns_409" time="2.324" /><testcase classname="tests.test_communitymed_backend.TestAuth" name="test_login_valid" time="2.490" /><testcase classname="tests.test_communitymed_backend.TestAuth" name="test_login_invalid" time="2.495" /><testcase classname="tests.test_communitymed_backend.TestAuth" name="test_me_without_auth_returns_401" time="0.003" /><testcase classname="tests.test_communitymed_backend.TestAuth" name="test_me_with_bearer" time="2.270" /><testcase classname="tests.test_communitymed_backend.TestPatients" name="test_create_patient_owner_id_is_current_user" time="4.969" /><testcase classname="tests.test_communitymed_backend.TestPatients" name="test_list_patients_includes_own" time="3.206" /><testcase classname="tests.test_communitymed_backend.TestPatients" name="test_list_patients_excludes_other_users_until_shared" time="9.322" /><testcase classname="tests.test_communitymed_backend.TestForms" name="test_create_form_roundtrip" time="5.036" /><testcase classname="tests.test_communitymed_backend.TestForms" name="test_list_forms_includes_own" time="3.196" /><testcase classname="tests.test_communitymed_backend.TestSubmissions" name="test_create_submission_roundtrip" time="8.645" /><testcase classname="tests.test_communitymed_backend.TestShares" name="test_share_to_unregistered_email_returns_404" time="3.198" /><testcase classname="tests.test_communitymed_backend.TestShares" name="test_share_resource_not_owned_returns_403" time="2.711" /><testcase classname="tests.test_communitymed_backend.TestShares" name="test_share_patient_to_user_b_appears_in_b_list" time="9.545" /><testcase classname="tests.test_communitymed_backend.TestDelete" name="test_non_owner_cannot_delete" time="2.692" /><testcase classname="tests.test_communitymed_backend.TestDelete" name="test_owner_can_delete_then_404" time="11.286" /><testcase classname="tests.test_communitymed_backend.TestSync" name="test_sync_push_idempotent_and_pull" time="14.035" /></testsuite></testsuites>